<?xml version="1.0" encoding="UTF-8"?>
<testsuite name="ConverterTest" tests="1" skipped="1" failures="0" errors="0" timestamp="2019-12-22T21:52:32" hostname="DE-MAC-104.local" time="108.994">
  <properties/>
  <testcase name="start" classname="ConverterTest" time="108.994">
    <skipped/>
  </testcase>
  <system-out><![CDATA[?[1;31m
Start test 1?[0m
>10
>0.234
>7
0.14315.0
?[1;31m
Start test 2?[0m
>10
>10.234
>7
13.14315.0
?[1;31m
Start test 3?[0m
>6
>2.555
>1
11
?[1;31m
Start test 4?[0m
>35
>af.xy
>17
]]></system-out>
  <system-err><![CDATA[]]></system-err>
</testsuite>
